[09/01/2022 11:43:23] Debug: Session id: 254968db-1d42-484a-a3ec-3f5eb939c54c
[09/01/2022 11:43:23] Debug: Code Processor information: Name :SnowConvert, Version: 7.11.102.0
[09/01/2022 11:43:24] Debug: Getting license
[09/01/2022 11:43:24] Debug: License information
	Status: Failed
	Message: No active license available.
[09/01/2022 11:43:24] Info: Starting to validate parameters
[09/01/2022 11:43:24] Info: Parameters to validate: 
	Execution mode: Conversion
	LICENSE_KEY: a3372138-b87e-4a08-b929-3b48b24c63f1
[09/01/2022 11:43:24] Info: Validation of parameters: Success
[09/01/2022 11:43:24] Debug: Getting code descriptor
[09/01/2022 11:43:24] Debug: Code descriptor information
	Units: 51
	Units type: LOC
	All file bytes: 2141
	All found extensions: .sql,.dml,.ddl,.bteq,.btq,.fl,.fload,.ml,.mload,.mld,.tp,.tpump,.tpt
[09/01/2022 11:43:24] Debug: Calculating fingerprint
[09/01/2022 11:43:24] Debug: Fingerprint information Fingerprint(size=2141,projects=1)
[09/01/2022 11:43:24] Info: Starting to try to validate online license for execution
[09/01/2022 11:43:25] Debug: Getting license
[09/01/2022 11:43:25] Debug: License information
	Status: Failed
	Message: No active license available.
[09/01/2022 11:43:25] Debug: Starting the execution of the controller
[09/01/2022 11:43:26] Debug: Executing the worker: SnowConvert
[09/01/2022 11:43:38] Debug: Finished executing the worker: SnowConvert
[09/01/2022 11:43:40] Info: Controller execution ended
